[25-03-2025 11:51:58] WARNING   * Debugger is active!
[25-03-2025 11:51:58] INFO      * Debugger PIN: 246-412-492
[25-03-2025 12:08:05] INFO     Se obtuvo el token de la solicitud correctamente
[25-03-2025 12:08:06] INFO     127.0.0.1 - - [25/Mar/2025 12:08:06] "GET /getContratos HTTP/1.1" 200 -
[25-03-2025 12:08:16] INFO     127.0.0.1 - - [25/Mar/2025 12:08:16] "OPTIONS /informe HTTP/1.1" 200 -
[25-03-2025 12:08:16] INFO     Se obtuvo el token de la solicitud correctamente
[2[25-03-2025 14:15:48] INFO      * Restarting with stat
licitud correctamente
[25-03-2025 12:08:18] INFO     {'ContentId': 2667119, 'LevelId': 2277}
[25-03-2025 12:08:18] INFO     {'ContentId': 2667380, 'LevelId': 2277}
[25-03-2025 12:08:19] INFO     {'ContentId': 2667381, 'LevelId': 2277}
[25-03-2025 12:08:19] INFO     {'ContentId': 2667382, 'LevelId': 2277}
[25-03-2025 12:08:19] INFO     {'ContentId': 2667603, 'LevelId': 2277}
[25-03-2025 12:08:20] INFO     {'ContentId': 2667920, 'LevelId': 2277}
[25-03-2025 12:08:20] INFO     {'ContentId': 2667921, 'LevelId': 2277}
[25-03-2025 12:08:20] INFO     {'ContentId': 2669241, 'LevelId': 2277}
[25-03-2025 12:08:21] INFO     {'ContentId': 2669244, 'LevelId': 2277}
[25-03-2025 12:08:21] INFO     {'ContentId': 2669245, 'LevelId': 2277}
[25-03-2025 12:08:21] INFO     {'ContentId': 2669252, 'LevelId': 2277}
[25-03-2025 12:08:22] INFO     {'ContentId': 2669444, 'LevelId': 2277}
[25-03-2025 12:08:22] INFO     {'ContentId': 2669446, 'LevelId': 2277}
[25-03-2025 12:08:22] ERROR    Se obtuvo un response None de un request data of content id
[25-03-2025 12:08:22] ERROR    Ocurrio un error al accceder al valor del content id 2669446 obtenido en el response
[25-03-2025 12:08:22] ERROR    Detalle del error: Expecting value: line 1 column 1 (char 0)
[25-03-2025 12:08:22] ERROR    Detalle del traceback: Traceback (most recent call last):
  File "C:\Users\mbegani\AppData\Roaming\Python\Python312\site-packages\requests\models.py", line 974, in json
    return complexjson.loads(self.text, **kwargs)
           ^^^^^^^^^^^^^^^^^^^^^^^^^^^^^^^^^^^^^^
  File "C:\Python312\Lib\json\__init__.py", line 346, in loads
    return _default_decoder.decode(s)
           ^^^^^^^^^^^^^^^^^^^^^^^^^^
  File "C:\Python312\Lib\json\decoder.py", line 337, in decode
    obj, end = self.raw_decode(s, idx=_w(s, 0).end())
               ^^^^^^^^^^^^^^^^^^^^^^^^^^^^^^^^^^^^^^
  File "C:\Python312\Lib\json\decoder.py", line 355, in raw_decode
    raise JSONDecodeError("Expecting value", s, err.value) from None
json.decoder.JSONDecodeError: Expecting value: line 1 column 1 (char 0)

During handling of the above exception, another exception occurred:

Traceback (most recent call last):
  File "C:\Users\mbegani\OneDrive - NOVARED CHILE S.A\Documentos\Dev\Proyectos\automatizacion-informes\back\src\archer_api_handler.py", line 186, in get_data_of_content_id
    return response.json()['RequestedObject']['FieldContents']
           ^^^^^^^^^^^^^^^
  File "C:\Users\mbegani\AppData\Roaming\Python\Python312\site-packages\requests\models.py", line 978, in json
    raise RequestsJSONDecodeError(e.msg, e.doc, e.pos)
requests.exceptions.JSONDecodeError: Expecting value: line 1 column 1 (char 0)

[25-03-2025 12:08:22] ERROR    Error al generar el informe: 'NoneType' object is not subscriptable
[25-03-2025 12:08:22] INFO     127.0.0.1 - - [25/Mar/2025 12:08:22] "[35m[1mPOST /informe HTTP/1.1[0m" 500 -
[25-03-2025 12:14:43] INFO     Se obtuvo el token de la solicitud correctamente
[25-03-2025 12:14:44] INFO     127.0.0.1 - - [25/Mar/2025 12:14:44] "GET /getContratos HTTP/1.1" 200 -
[25-03-2025 12:37:56] INFO     127.0.0.1 - - [25/Mar/2025 12:37:56] "OPTIONS /informe HTTP/1.1" 200 -
[25-03-2025 12:37:56] INFO     Se obtuvo el token de la solicitud correctamente
[25-03-2025 12:37:57] INFO     Se obtuvo el token de la solicitud correctamente
[25-03-2025 12:37:58] INFO     {'ContentId': 2667119, 'LevelId': 2277}
[25-03-2025 12:37:58] INFO     {'ContentId': 2667380, 'LevelId': 2277}
[25-03-2025 12:37:59] INFO     {'ContentId': 2667381, 'LevelId': 2277}
[25-03-2025 12:37:59] INFO     {'ContentId': 2667382, 'LevelId': 2277}
[25-03-2025 12:37:59] INFO     {'ContentId': 2667603, 'LevelId': 2277}
[25-03-2025 12:38:00] INFO     {'ContentId': 2667920, 'LevelId': 2277}
[25-03-2025 12:38:00] INFO     {'ContentId': 2667921, 'LevelId': 2277}
[25-03-2025 12:38:00] INFO     {'ContentId': 2669241, 'LevelId': 2277}
[25-03-2025 12:38:01] INFO     {'ContentId': 2669244, 'LevelId': 2277}
[25-03-2025 12:38:01] INFO     {'ContentId': 2669245, 'LevelId': 2277}
[25-03-2025 12:38:01] INFO     {'ContentId': 2669252, 'LevelId': 2277}
[25-03-2025 12:38:02] INFO     {'ContentId': 2669444, 'LevelId': 2277}
[25-03-2025 12:38:02] INFO     {'ContentId': 2669446, 'LevelId': 2277}
[25-03-2025 12:38:02] INFO     {'ContentId': 2670873, 'LevelId': 2277}
[25-03-2025 12:38:03] INFO     {'ContentId': 2670913, 'LevelId': 2277}
[25-03-2025 12:38:03] INFO     {'ContentId': 2671144, 'LevelId': 2277}
[25-03-2025 12:38:03] INFO     {'ContentId': 2671145, 'LevelId': 2277}
[25-03-2025 12:38:03] ERROR    Se obtuvo un response None de un request data of content id
[25-03-2025 12:38:03] ERROR    Ocurrio un error al accceder al valor del content id 2671145 obtenido en el response
[25-03-2025 12:38:03] ERROR    Detalle del error: Expecting value: line 1 column 1 (char 0)
[25-03-2025 12:38:04] ERROR    Detalle del traceback: Traceback (most recent call last):
  File "C:\Users\mbegani\AppData\Roaming\Python\Python312\site-packages\requests\models.py", line 974, in json
    return complexjson.loads(self.text, **kwargs)
           ^^^^^^^^^^^^^^^^^^^^^^^^^^^^^^^^^^^^^^
  File "C:\Python312\Lib\json\__init__.py", line 346, in loads
    return _default_decoder.decode(s)
           ^^^^^^^^^^^^^^^^^^^^^^^^^^
  File "C:\Python312\Lib\json\decoder.py", line 337, in decode
    obj, end = self.raw_decode(s, idx=_w(s, 0).end())
               ^^^^^^^^^^^^^^^^^^^^^^^^^^^^^^^^^^^^^^
  File "C:\Python312\Lib\json\decoder.py", line 355, in raw_decode
    raise JSONDecodeError("Expecting value", s, err.value) from None
json.decoder.JSONDecodeError: Expecting value: line 1 column 1 (char 0)

During handling of the above exception, another exception occurred:

Traceback (most recent call last):
  File "C:\Users\mbegani\OneDrive - NOVARED CHILE S.A\Documentos\Dev\Proyectos\automatizacion-informes\back\src\archer_api_handler.py", line 186, in get_data_of_content_id
    return response.json()['RequestedObject']['FieldContents']
           ^^^^^^^^^^^^^^^
  File "C:\Users\mbegani\AppData\Roaming\Python\Python312\site-packages\requests\models.py", line 978, in json
    raise RequestsJSONDecodeError(e.msg, e.doc, e.pos)
requests.exceptions.JSONDecodeError: Expecting value: line 1 column 1 (char 0)

[25-03-2025 12:38:04] ERROR    Error al generar el informe: 'NoneType' object is not subscriptable
[25-03-2025 12:38:04] INFO     127.0.0.1 - - [25/Mar/2025 12:38:04] "[35m[1mPOST /informe HTTP/1.1[0m" 500 -
[25-03-2025 12:48:29] INFO     127.0.0.1 - - [25/Mar/2025 12:48:29] "OPTIONS /informe HTTP/1.1" 200 -
[25-03-2025 12:48:29] INFO     Se obtuvo el token de la solicitud correctamente
[25-03-2025 12:48:30] INFO     Se obtuvo el token de la solicitud correctamente
[25-03-2025 12:48:31] INFO     {'ContentId': 2667119, 'LevelId': 2277}
[25-03-2025 12:48:31] INFO     {'ContentId': 2667380, 'LevelId': 2277}
[25-03-2025 12:48:31] INFO     {'ContentId': 2667381, 'LevelId': 2277}
[25-03-2025 12:48:32] INFO     {'ContentId': 2667382, 'LevelId': 2277}
[25-03-2025 12:48:32] INFO     {'ContentId': 2667603, 'LevelId': 2277}
[25-03-2025 12:48:32] INFO     {'ContentId': 2667920, 'LevelId': 2277}
[25-03-2025 12:48:33] INFO     {'ContentId': 2667921, 'LevelId': 2277}
[25-03-2025 12:48:33] INFO     {'ContentId': 2669241, 'LevelId': 2277}
[25-03-2025 12:48:33] INFO     {'ContentId': 2669244, 'LevelId': 2277}
[25-03-2025 12:48:34] INFO     {'ContentId': 2669245, 'LevelId': 2277}
[25-03-2025 12:48:34] INFO     {'ContentId': 2669252, 'LevelId': 2277}
[25-03-2025 12:48:34] INFO     {'ContentId': 2669444, 'LevelId': 2277}
[25-03-2025 12:48:34] INFO     {'ContentId': 2669446, 'LevelId': 2277}
[25-03-2025 12:48:35] INFO     {'ContentId': 2670873, 'LevelId': 2277}
[25-03-2025 12:48:35] INFO     {'ContentId': 2670913, 'LevelId': 2277}
[25-03-2025 12:48:35] INFO     {'ContentId': 2671144, 'LevelId': 2277}
[25-03-2025 12:48:36] INFO     {'ContentId': 2671145, 'LevelId': 2277}
[25-03-2025 12:48:36] INFO     {'ContentId': 2672179, 'LevelId': 2277}
[25-03-2025 12:48:36] INFO     {'ContentId': 2672274, 'LevelId': 2277}
[25-03-2025 12:48:37] INFO     {'ContentId': 2672297, 'LevelId': 2277}
[25-03-2025 12:48:37] INFO     {'ContentId': 2672423, 'LevelId': 2277}
[25-03-2025 12:48:37] INFO     {'ContentId': 2672605, 'LevelId': 2277}
[25-03-2025 12:48:37] INFO     {'ContentId': 2672637, 'LevelId': 2277}
[25-03-2025 12:48:38] INFO     {'ContentId': 2672643, 'LevelId': 2277}
[25-03-2025 12:48:38] INFO     {'ContentId': 2672749, 'LevelId': 2277}
[25-03-2025 12:48:38] INFO     {'ContentId': 2673401, 'LevelId': 2277}
[25-03-2025 12:48:39] INFO     {'ContentId': 2673402, 'LevelId': 2277}
[25-03-2025 12:48:39] INFO     {'ContentId': 2673503, 'LevelId': 2277}
[25-03-2025 12:48:39] INFO     {'ContentId': 2673673, 'LevelId': 2277}
[25-03-2025 12:48:40] INFO     {'ContentId': 2673708, 'LevelId': 2277}
[25-03-2025 12:48:40] INFO     {'ContentId': 2673810, 'LevelId': 2277}
[25-03-2025 12:48:40] INFO     {'ContentId': 2673811, 'LevelId': 2277}
[25-03-2025 12:48:41] INFO     {'ContentId': 2673909, 'LevelId': 2277}
[25-03-2025 12:48:41] INFO     {'ContentId': 2673910, 'LevelId': 2277}
[25-03-2025 12:48:41] INFO     {'ContentId': 2674044, 'LevelId': 2277}
[25-03-2025 12:48:42] INFO     {'ContentId': 2674049, 'LevelId': 2277}
[25-03-2025 12:48:42] INFO     {'ContentId': 2674053, 'LevelId': 2277}
[25-03-2025 12:48:42] INFO     {'ContentId': 2674139, 'LevelId': 2277}
[25-03-2025 12:48:42] INFO     {'ContentId': 2674646, 'LevelId': 2277}
[25-03-2025 12:48:43] INFO     {'ContentId': 2674960, 'LevelId': 2277}
[25-03-2025 12:48:43] INFO     {'ContentId': 2674975, 'LevelId': 2277}
[25-03-2025 12:48:43] INFO     {'ContentId': 2674976, 'LevelId': 2277}
[25-03-2025 12:48:44] INFO     {'ContentId': 2675301, 'LevelId': 2277}
[25-03-2025 12:48:44] INFO     {'ContentId': 2675389, 'LevelId': 2277}
[25-03-2025 12:48:44] INFO     {'ContentId': 2675390, 'LevelId': 2277}
[25-03-2025 12:48:45] INFO     {'ContentId': 2675407, 'LevelId': 2277}
[25-03-2025 12:48:45] INFO     {'ContentId': 2675417, 'LevelId': 2277}
[25-03-2025 12:48:45] INFO     {'ContentId': 2675430, 'LevelId': 2277}
[25-03-2025 12:48:46] INFO     {'ContentId': 2675496, 'LevelId': 2277}
[25-03-2025 12:48:46] INFO     {'ContentId': 2675617, 'LevelId': 2277}
[25-03-2025 12:48:46] INFO     {'ContentId': 2676403, 'LevelId': 2277}
[25-03-2025 12:48:47] INFO     {'ContentId': 2676661, 'LevelId': 2277}
[25-03-2025 12:48:47] INFO     {'ContentId': 2676662, 'LevelId': 2277}
[25-03-2025 12:48:47] INFO     {'ContentId': 2676667, 'LevelId': 2277}
[25-03-2025 12:48:48] INFO     {'ContentId': 2677147, 'LevelId': 2277}
[25-03-2025 12:48:48] INFO     {'ContentId': 2677847, 'LevelId': 2277}
[25-03-2025 12:48:48] INFO     {'ContentId': 2677850, 'LevelId': 2277}
[25-03-2025 12:48:48] INFO     {'ContentId': 2678365, 'LevelId': 2277}
[25-03-2025 12:48:49] INFO     {'ContentId': 2679337, 'LevelId': 2277}
[25-03-2025 12:48:49] INFO     {'ContentId': 2679338, 'LevelId': 2277}
[25-03-2025 12:48:49] INFO     {'ContentId': 2679340, 'LevelId': 2277}
[25-03-2025 12:48:50] INFO     {'ContentId': 2679342, 'LevelId': 2277}
[25-03-2025 12:48:50] INFO     {'ContentId': 2679467, 'LevelId': 2277}
[25-03-2025 12:48:50] INFO     {'ContentId': 2679484, 'LevelId': 2277}
[25-03-2025 12:48:51] INFO     {'ContentId': 2679485, 'LevelId': 2277}
[25-03-2025 12:48:51] INFO     {'ContentId': 2679700, 'LevelId': 2277}
[25-03-2025 12:48:51] INFO     {'ContentId': 2679701, 'LevelId': 2277}
[25-03-2025 12:48:52] INFO     {'ContentId': 2679704, 'LevelId': 2277}
[25-03-2025 12:48:52] INFO     {'ContentId': 2680138, 'LevelId': 2277}
[25-03-2025 12:48:52] INFO     {'ContentId': 2680300, 'LevelId': 2277}
[25-03-2025 12:48:53] INFO     {'ContentId': 2680313, 'LevelId': 2277}
[25-03-2025 12:48:53] INFO     {'ContentId': 2680314, 'LevelId': 2277}
[25-03-2025 12:48:53] INFO     {'ContentId': 2680375, 'LevelId': 2277}
[25-03-2025 12:48:54] INFO     {'ContentId': 2680393, 'LevelId': 2277}
[25-03-2025 12:48:54] INFO     {'ContentId': 2680941, 'LevelId': 2277}
[25-03-2025 12:48:54] INFO     {'ContentId': 2680945, 'LevelId': 2277}
[25-03-2025 12:48:54] INFO     {'ContentId': 2681353, 'LevelId': 2277}
[25-03-2025 12:48:55] INFO     {'ContentId': 2681354, 'LevelId': 2277}
[25-03-2025 12:48:55] INFO     {'ContentId': 2681431, 'LevelId': 2277}
[25-03-2025 12:48:55] INFO     {'ContentId': 2681444, 'LevelId': 2277}
[25-03-2025 12:48:56] INFO     {'ContentId': 2681469, 'LevelId': 2277}
[25-03-2025 12:48:56] INFO     {'ContentId': 2681470, 'LevelId': 2277}
[25-03-2025 12:48:56] INFO     {'ContentId': 2681475, 'LevelId': 2277}
[25-03-2025 12:48:57] INFO     {'ContentId': 2681478, 'LevelId': 2277}
[25-03-2025 12:48:57] INFO     {'ContentId': 2681479, 'LevelId': 2277}
[25-03-2025 12:48:57] INFO     {'ContentId': 2681480, 'LevelId': 2277}
[25-03-2025 12:48:58] INFO     {'ContentId': 2681485, 'LevelId': 2277}
[25-03-2025 12:48:58] INFO     {'ContentId': 2681487, 'LevelId': 2277}
[25-03-2025 12:48:58] INFO     {'ContentId': 2681500, 'LevelId': 2277}
[25-03-2025 12:48:59] INFO     {'ContentId': 2681513, 'LevelId': 2277}
[25-03-2025 12:48:59] INFO     2664570
[25-03-2025 12:49:00] INFO     2025-01-24T14:02:55.467
[25-03-2025 12:49:00] INFO     2667116
[25-03-2025 12:49:01] INFO     2025-01-24T14:03:06.043
[25-03-2025 12:49:01] INFO     2667375
[25-03-2025 12:49:02] INFO     2025-01-24T14:03:01.077
[25-03-2025 12:49:02] INFO     2667759
[25-03-2025 12:49:03] INFO     2025-01-24T13:04:35.037
[25-03-2025 12:49:03] INFO     2667915
[25-03-2025 12:49:04] INFO     2025-02-10T21:19:20.723
[25-03-2025 12:49:04] INFO     2669060
[25-03-2025 12:49:06] INFO     2025-01-24T14:02:42.527
[25-03-2025 12:49:06] INFO     2670613
[25-03-2025 12:49:07] INFO     2025-01-30T19:34:10.003
[25-03-2025 12:49:07] INFO     2670751
[25-03-2025 12:49:09] INFO     2025-02-20T15:53:28.037
[25-03-2025 12:49:09] INFO     2670838
[25-03-2025 12:49:10] INFO     2025-01-31T19:03:57.41
[25-03-2025 12:49:10] INFO     2671859
[25-03-2025 12:49:11] INFO     2025-02-07T15:17:04.357
[25-03-2025 12:49:11] INFO     2672632
[25-03-2025 12:49:12] INFO     2025-02-28T19:12:30.03
[25-03-2025 12:49:12] INFO     2672703
[25-03-2025 12:49:13] INFO     2025-02-12T20:34:03.443
[25-03-2025 12:49:13] INFO     2673760
[25-03-2025 12:49:14] INFO     2025-02-13T14:45:05.003
[25-03-2025 12:49:14] INFO     2673907
[25-03-2025 12:49:15] INFO     2025-02-13T22:00:10.213
[25-03-2025 12:49:15] INFO     2674512
[25-03-2025 12:49:16] INFO     2025-02-20T16:04:51.437
[25-03-2025 12:49:16] INFO     2674941
[25-03-2025 12:49:17] INFO     2025-02-18T20:36:31.16
[25-03-2025 12:49:17] INFO     2675185
[25-03-2025 12:49:18] INFO     2025-02-20T12:52:26.217
[25-03-2025 12:49:18] INFO     2675218
[25-03-2025 12:49:19] INFO     2025-02-20T20:45:48.36
[25-03-2025 12:49:19] INFO     2675491
[25-03-2025 12:49:20] INFO     2025-02-21T00:01:24.037
[25-03-2025 12:49:20] INFO     2675606
[25-03-2025 12:49:21] INFO     2025-03-21T13:40:43.203
[25-03-2025 12:49:21] INFO     2676385
[25-03-2025 12:49:22] INFO     2025-03-07T18:38:41.873
[25-03-2025 12:49:22] INFO     2676651
[25-03-2025 12:49:23] INFO     2025-02-26T22:00:16.467
[25-03-2025 12:49:23] INFO     2677785
[25-03-2025 12:49:24] INFO     2025-03-06T14:13:20.54
[25-03-2025 12:49:24] INFO     2679326
[25-03-2025 12:49:25] INFO     2025-03-21T18:27:34.367
[25-03-2025 12:49:25] INFO     2679329
[25-03-2025 12:49:26] INFO     2025-03-12T16:00:13.01
[25-03-2025 12:49:26] INFO     2679331
[25-03-2025 12:49:27] INFO     2025-03-12T16:00:13.12
[25-03-2025 12:49:27] INFO     2679475
[25-03-2025 12:49:27] INFO     2025-03-12T23:59:44.08
[25-03-2025 12:49:27] INFO     2679682
[25-03-2025 12:49:28] INFO     2025-03-13T20:22:43.003
[25-03-2025 12:49:28] INFO     2680190
[25-03-2025 12:49:30] INFO     2025-03-21T15:40:05.857
[25-03-2025 12:49:30] INFO     2680329
[25-03-2025 12:49:31] INFO     2025-03-17T18:01:29.083
[25-03-2025 12:49:31] INFO     2680924
[25-03-2025 12:49:32] INFO     2025-03-19T20:00:43.483
[25-03-2025 12:49:32] INFO     2681413
[25-03-2025 12:49:33] INFO     2025-03-25T15:15:07.283
[25-03-2025 12:49:33] INFO     2681416
[25-03-2025 12:49:34] INFO     2025-03-21T18:24:48.14
[25-03-2025 12:49:54] INFO     127.0.0.1 - - [25/Mar/2025 12:49:54] "POST /informe HTTP/1.1" 200 -
[25-03-2025 12:56:12] INFO     Se obtuvo el token de la solicitud correctamente
[25-03-2025 12:56:13] INFO     127.0.0.1 - - [25/Mar/2025 12:56:13] "GET /getContratos HTTP/1.1" 200 -
[25-03-2025 12:56:26] INFO     127.0.0.1 - - [25/Mar/2025 12:56:26] "OPTIONS /informe HTTP/1.1" 200 -
[25-03-2025 12:56:26] INFO     Se obtuvo el token de la solicitud correctamente
[25-03-2025 12:56:27] INFO     Se obtuvo el token de la solicitud correctamente
[25-03-2025 12:56:28] INFO     {'ContentId': 2667119, 'LevelId': 2277}
[25-03-2025 12:56:28] INFO     {'ContentId': 2667380, 'LevelId': 2277}
[25-03-2025 12:56:29] INFO     {'ContentId': 2667381, 'LevelId': 2277}
[25-03-2025 12:56:29] INFO     {'ContentId': 2667382, 'LevelId': 2277}
[25-03-2025 12:56:29] INFO     {'ContentId': 2667603, 'LevelId': 2277}
[25-03-2025 12:56:30] INFO     {'ContentId': 2667920, 'LevelId': 2277}
[25-03-2025 12:56:30] INFO     {'ContentId': 2667921, 'LevelId': 2277}
[25-03-2025 12:56:31] INFO     {'ContentId': 2669241, 'LevelId': 2277}
[25-03-2025 12:56:31] INFO     {'ContentId': 2669244, 'LevelId': 2277}
[25-03-2025 12:56:31] INFO     {'ContentId': 2669245, 'LevelId': 2277}
[25-03-2025 12:56:32] INFO     {'ContentId': 2669252, 'LevelId': 2277}
[25-03-2025 12:56:32] INFO     {'ContentId': 2669444, 'LevelId': 2277}
[25-03-2025 12:56:32] INFO     {'ContentId': 2669446, 'LevelId': 2277}
[25-03-2025 12:56:33] INFO     {'ContentId': 2670873, 'LevelId': 2277}
[25-03-2025 12:56:33] INFO     {'ContentId': 2670913, 'LevelId': 2277}
[25-03-2025 12:56:33] INFO     {'ContentId': 2671144, 'LevelId': 2277}
[25-03-2025 12:56:34] INFO     {'ContentId': 2671145, 'LevelId': 2277}
[25-03-2025 12:56:34] INFO     {'ContentId': 2672179, 'LevelId': 2277}
[25-03-2025 12:56:34] INFO     {'ContentId': 2672274, 'LevelId': 2277}
[25-03-2025 12:56:35] INFO     {'ContentId': 2672297, 'LevelId': 2277}
[25-03-2025 12:56:35] INFO     {'ContentId': 2672423, 'LevelId': 2277}
[25-03-2025 12:56:35] INFO     {'ContentId': 2672605, 'LevelId': 2277}
[25-03-2025 12:56:36] INFO     {'ContentId': 2672637, 'LevelId': 2277}
[25-03-2025 12:56:36] INFO     {'ContentId': 2672643, 'LevelId': 2277}
[25-03-2025 12:56:36] INFO     {'ContentId': 2672749, 'LevelId': 2277}
[25-03-2025 12:56:36] INFO     {'ContentId': 2673401, 'LevelId': 2277}
[25-03-2025 12:56:37] INFO     {'ContentId': 2673402, 'LevelId': 2277}
[25-03-2025 12:56:37] INFO     {'ContentId': 2673503, 'LevelId': 2277}
[25-03-2025 12:56:37] INFO     {'ContentId': 2673673, 'LevelId': 2277}
[25-03-2025 12:56:38] INFO     {'ContentId': 2673708, 'LevelId': 2277}
[25-03-2025 12:56:38] INFO     {'ContentId': 2673810, 'LevelId': 2277}
[25-03-2025 12:56:38] INFO     {'ContentId': 2673811, 'LevelId': 2277}
[25-03-2025 12:56:39] INFO     {'ContentId': 2673909, 'LevelId': 2277}
[25-03-2025 12:56:39] INFO     {'ContentId': 2673910, 'LevelId': 2277}
[25-03-2025 12:56:39] INFO     {'ContentId': 2674044, 'LevelId': 2277}
[25-03-2025 12:56:40] INFO     {'ContentId': 2674049, 'LevelId': 2277}
[25-03-2025 12:56:40] INFO     {'ContentId': 2674053, 'LevelId': 2277}
[25-03-2025 12:56:40] INFO     {'ContentId': 2674139, 'LevelId': 2277}
[25-03-2025 12:56:41] INFO     {'ContentId': 2674646, 'LevelId': 2277}
[25-03-2025 12:56:41] INFO     {'ContentId': 2674960, 'LevelId': 2277}
[25-03-2025 12:56:41] INFO     {'ContentId': 2674975, 'LevelId': 2277}
[25-03-2025 12:56:42] INFO     {'ContentId': 2674976, 'LevelId': 2277}
[25-03-2025 12:56:42] INFO     {'ContentId': 2675301, 'LevelId': 2277}
[25-03-2025 12:56:42] INFO     {'ContentId': 2675389, 'LevelId': 2277}
[25-03-2025 12:56:42] INFO     {'ContentId': 2675390, 'LevelId': 2277}
[25-03-2025 12:56:43] INFO     {'ContentId': 2675407, 'LevelId': 2277}
[25-03-2025 12:56:43] INFO     {'ContentId': 2675417, 'LevelId': 2277}
[25-03-2025 12:56:43] INFO     {'ContentId': 2675430, 'LevelId': 2277}
[25-03-2025 12:56:44] INFO     {'ContentId': 2675496, 'LevelId': 2277}
[25-03-2025 12:56:44] INFO     {'ContentId': 2675617, 'LevelId': 2277}
[25-03-2025 12:56:44] INFO     {'ContentId': 2676403, 'LevelId': 2277}
[25-03-2025 12:56:45] INFO     {'ContentId': 2676661, 'LevelId': 2277}
[25-03-2025 12:56:45] INFO     {'ContentId': 2676662, 'LevelId': 2277}
[25-03-2025 12:56:45] INFO     {'ContentId': 2676667, 'LevelId': 2277}
[25-03-2025 12:56:46] INFO     {'ContentId': 2677147, 'LevelId': 2277}
[25-03-2025 12:56:46] INFO     {'ContentId': 2677847, 'LevelId': 2277}
[25-03-2025 12:56:46] INFO     {'ContentId': 2677850, 'LevelId': 2277}
[25-03-2025 12:56:47] INFO     {'ContentId': 2678365, 'LevelId': 2277}
[25-03-2025 12:56:47] INFO     {'ContentId': 2679337, 'LevelId': 2277}
[25-03-2025 12:56:47] INFO     {'ContentId': 2679338, 'LevelId': 2277}
[25-03-2025 12:56:47] INFO     {'ContentId': 2679340, 'LevelId': 2277}
[25-03-2025 12:56:48] INFO     {'ContentId': 2679342, 'LevelId': 2277}
[25-03-2025 12:56:48] INFO     {'ContentId': 2679467, 'LevelId': 2277}
[25-03-2025 12:56:48] INFO     {'ContentId': 2679484, 'LevelId': 2277}
[25-03-2025 12:56:49] INFO     {'ContentId': 2679485, 'LevelId': 2277}
[25-03-2025 12:56:49] INFO     {'ContentId': 2679700, 'LevelId': 2277}
[25-03-2025 12:56:49] INFO     {'ContentId': 2679701, 'LevelId': 2277}
[25-03-2025 12:56:50] INFO     {'ContentId': 2679704, 'LevelId': 2277}
[25-03-2025 12:56:50] INFO     {'ContentId': 2680138, 'LevelId': 2277}
[25-03-2025 12:56:50] INFO     {'ContentId': 2680300, 'LevelId': 2277}
[25-03-2025 12:56:50] INFO     {'ContentId': 2680313, 'LevelId': 2277}
[25-03-2025 12:56:51] INFO     {'ContentId': 2680314, 'LevelId': 2277}
[25-03-2025 12:56:51] INFO     {'ContentId': 2680375, 'LevelId': 2277}
[25-03-2025 12:56:51] INFO     {'ContentId': 2680393, 'LevelId': 2277}
[25-03-2025 12:56:52] INFO     {'ContentId': 2680941, 'LevelId': 2277}
[25-03-2025 12:56:52] INFO     {'ContentId': 2680945, 'LevelId': 2277}
[25-03-2025 12:56:52] INFO     {'ContentId': 2681353, 'LevelId': 2277}
[25-03-2025 12:56:53] INFO     {'ContentId': 2681354, 'LevelId': 2277}
[25-03-2025 12:56:53] INFO     {'ContentId': 2681431, 'LevelId': 2277}
[25-03-2025 12:56:53] INFO     {'ContentId': 2681444, 'LevelId': 2277}
[25-03-2025 12:56:54] INFO     {'ContentId': 2681469, 'LevelId': 2277}
[25-03-2025 12:56:54] INFO     {'ContentId': 2681470, 'LevelId': 2277}
[25-03-2025 12:56:54] INFO     {'ContentId': 2681475, 'LevelId': 2277}
[25-03-2025 12:56:55] INFO     {'ContentId': 2681478, 'LevelId': 2277}
[25-03-2025 12:56:55] INFO     {'ContentId': 2681479, 'LevelId': 2277}
[25-03-2025 12:56:55] INFO     {'ContentId': 2681480, 'LevelId': 2277}
[25-03-2025 12:56:56] INFO     {'ContentId': 2681485, 'LevelId': 2277}
[25-03-2025 12:56:56] INFO     {'ContentId': 2681487, 'LevelId': 2277}
[25-03-2025 12:56:56] INFO     {'ContentId': 2681500, 'LevelId': 2277}
[25-03-2025 12:56:56] INFO     {'ContentId': 2681513, 'LevelId': 2277}
[25-03-2025 12:56:57] INFO     2664570
[25-03-2025 12:56:58] INFO     2025-01-24T14:02:55.467
[25-03-2025 12:56:58] INFO     2667116
[25-03-2025 12:56:59] INFO     2025-01-24T14:03:06.043
[25-03-2025 12:56:59] INFO     2667375
[25-03-2025 12:57:01] INFO     2025-01-24T14:03:01.077
[25-03-2025 12:57:01] INFO     2667759
[25-03-2025 12:57:01] INFO     2025-01-24T13:04:35.037
[25-03-2025 12:57:01] INFO     2667915
[25-03-2025 12:57:02] INFO     2025-02-10T21:19:20.723
[25-03-2025 12:57:02] INFO     2669060
[25-03-2025 12:57:04] INFO     2025-01-24T14:02:42.527
[25-03-2025 12:57:04] INFO     2670613
[25-03-2025 12:57:05] INFO     2025-01-30T19:34:10.003
[25-03-2025 12:57:05] INFO     2670751
[25-03-2025 12:57:07] INFO     2025-02-20T15:53:28.037
[25-03-2025 12:57:07] INFO     2670838
[25-03-2025 12:57:08] INFO     2025-01-31T19:03:57.41
[25-03-2025 12:57:08] INFO     2671859
[25-03-2025 12:57:09] INFO     2025-02-07T15:17:04.357
[25-03-2025 12:57:09] INFO     2672632
[25-03-2025 12:57:10] INFO     2025-02-28T19:12:30.03
[25-03-2025 12:57:10] INFO     2672703
[25-03-2025 12:57:11] INFO     2025-02-12T20:34:03.443
[25-03-2025 12:57:11] INFO     2673760
[25-03-2025 12:57:12] INFO     2025-02-13T14:45:05.003
[25-03-2025 12:57:12] INFO     2673907
[25-03-2025 12:57:13] INFO     2025-02-13T22:00:10.213
[25-03-2025 12:57:13] INFO     2674512
[25-03-2025 12:57:14] INFO     2025-02-20T16:04:51.437
[25-03-2025 12:57:14] INFO     2674941
[25-03-2025 12:57:15] INFO     2025-02-18T20:36:31.16
[25-03-2025 12:57:15] INFO     2675185
[25-03-2025 12:57:16] INFO     2025-02-20T12:52:26.217
[25-03-2025 12:57:16] INFO     2675218
[25-03-2025 12:57:17] INFO     2025-02-20T20:45:48.36
[25-03-2025 12:57:17] INFO     2675491
[25-03-2025 12:57:18] INFO     2025-02-21T00:01:24.037
[25-03-2025 12:57:18] INFO     2675606
[25-03-2025 12:57:19] INFO     2025-03-21T13:40:43.203
[25-03-2025 12:57:19] INFO     2676385
[25-03-2025 12:57:20] INFO     2025-03-07T18:38:41.873
[25-03-2025 12:57:20] INFO     2676651
[25-03-2025 12:57:21] INFO     2025-02-26T22:00:16.467
[25-03-2025 12:57:21] INFO     2677785
[25-03-2025 12:57:23] INFO     2025-03-06T14:13:20.54
[25-03-2025 12:57:23] INFO     2679326
[25-03-2025 12:57:24] INFO     2025-03-21T18:27:34.367
[25-03-2025 12:57:24] INFO     2679329
[25-03-2025 12:57:25] INFO     2025-03-12T16:00:13.01
[25-03-2025 12:57:25] INFO     2679331
[25-03-2025 12:57:27] INFO     2025-03-12T16:00:13.12
[25-03-2025 12:57:27] INFO     2679475
[25-03-2025 12:57:28] INFO     2025-03-12T23:59:44.08
[25-03-2025 12:57:28] INFO     2679682
[25-03-2025 12:57:30] INFO     2025-03-13T20:22:43.003
[25-03-2025 12:57:30] INFO     2680190
[25-03-2025 12:57:32] INFO     2025-03-21T15:40:05.857
[25-03-2025 12:57:32] INFO     2680329
[25-03-2025 12:57:33] INFO     2025-03-17T18:01:29.083
[25-03-2025 12:57:33] INFO     2680924
[25-03-2025 12:57:34] INFO     2025-03-19T20:00:43.483
[25-03-2025 12:57:34] INFO     2681413
[25-03-2025 12:57:35] INFO     2025-03-25T15:15:07.283
[25-03-2025 12:57:35] INFO     2681416
[25-03-2025 12:57:36] INFO     2025-03-21T18:24:48.14
[25-03-2025 12:57:36] INFO     127.0.0.1 - - [25/Mar/2025 12:57:36] "POST /informe HTTP/1.1" 200 -
[25-03-2025 12:59:48] INFO     Se obtuvo el token de la solicitud correctamente
[25-03-2025 12:59:49] INFO     127.0.0.1 - - [25/Mar/2025 12:59:49] "GET /getContratos HTTP/1.1" 200 -
[25-03-2025 13:00:45] INFO     Se obtuvo el token de la solicitud correctamente
[25-03-2025 13:00:47] INFO     127.0.0.1 - - [25/Mar/2025 13:00:47] "GET /getContratos HTTP/1.1" 200 -
[25-03-2025 13:01:01] INFO     127.0.0.1 - - [25/Mar/2025 13:01:01] "OPTIONS /informe HTTP/1.1" 200 -
[25-03-2025 13:01:01] INFO     Se obtuvo el token de la solicitud correctamente
[25-03-2025 13:01:03] INFO     Se obtuvo el token de la solicitud correctamente
[25-03-2025 13:01:03] INFO     {'ContentId': 2667119, 'LevelId': 2277}
[25-03-2025 13:01:04] INFO     {'ContentId': 2667380, 'LevelId': 2277}
[25-03-2025 13:01:04] INFO     {'ContentId': 2667381, 'LevelId': 2277}
[25-03-2025 13:01:05] INFO     {'ContentId': 2667382, 'LevelId': 2277}
[25-03-2025 13:01:06] INFO     {'ContentId': 2667603, 'LevelId': 2277}
[25-03-2025 13:01:06] INFO     {'ContentId': 2667920, 'LevelId': 2277}
[25-03-2025 13:01:07] INFO     {'ContentId': 2667921, 'LevelId': 2277}
[25-03-2025 13:01:07] INFO     {'ContentId': 2669241, 'LevelId': 2277}
[25-03-2025 13:01:08] INFO     {'ContentId': 2669244, 'LevelId': 2277}
[25-03-2025 13:01:08] INFO     {'ContentId': 2669245, 'LevelId': 2277}
[25-03-2025 13:01:09] INFO     {'ContentId': 2669252, 'LevelId': 2277}
[25-03-2025 13:01:10] INFO     {'ContentId': 2669444, 'LevelId': 2277}
[25-03-2025 13:01:11] INFO     {'ContentId': 2669446, 'LevelId': 2277}
[25-03-2025 13:01:11] INFO     {'ContentId': 2670873, 'LevelId': 2277}
[25-03-2025 13:01:12] INFO     {'ContentId': 2670913, 'LevelId': 2277}
[25-03-2025 13:01:12] INFO     {'ContentId': 2671144, 'LevelId': 2277}
[25-03-2025 13:01:12] INFO     {'ContentId': 2671145, 'LevelId': 2277}
[25-03-2025 13:01:13] INFO     {'ContentId': 2672179, 'LevelId': 2277}
[25-03-2025 13:01:13] INFO     {'ContentId': 2672274, 'LevelId': 2277}
[25-03-2025 13:01:13] INFO     {'ContentId': 2672297, 'LevelId': 2277}
[25-03-2025 13:01:13] INFO     {'ContentId': 2672423, 'LevelId': 2277}
[25-03-2025 13:01:14] INFO     {'ContentId': 2672605, 'LevelId': 2277}
[25-03-2025 13:01:14] INFO     {'ContentId': 2672637, 'LevelId': 2277}
[25-03-2025 13:01:15] INFO     {'ContentId': 2672643, 'LevelId': 2277}
[25-03-2025 13:01:15] INFO     {'ContentId': 2672749, 'LevelId': 2277}
[25-03-2025 13:01:15] INFO     {'ContentId': 2673401, 'LevelId': 2277}
[25-03-2025 13:01:16] INFO     {'ContentId': 2673402, 'LevelId': 2277}
[25-03-2025 13:01:16] INFO     {'ContentId': 2673503, 'LevelId': 2277}
[25-03-2025 13:01:16] INFO     {'ContentId': 2673673, 'LevelId': 2277}
[25-03-2025 13:01:16] INFO     {'ContentId': 2673708, 'LevelId': 2277}
[25-03-2025 13:01:17] INFO     {'ContentId': 2673810, 'LevelId': 2277}
[25-03-2025 13:01:17] INFO     {'ContentId': 2673811, 'LevelId': 2277}
[25-03-2025 13:01:17] INFO     {'ContentId': 2673909, 'LevelId': 2277}
[25-03-2025 13:01:18] INFO     {'ContentId': 2673910, 'LevelId': 2277}
[25-03-2025 13:01:18] INFO     {'ContentId': 2674044, 'LevelId': 2277}
[25-03-2025 13:01:18] INFO     {'ContentId': 2674049, 'LevelId': 2277}
[25-03-2025 13:01:19] INFO     {'ContentId': 2674053, 'LevelId': 2277}
[25-03-2025 13:01:19] INFO     {'ContentId': 2674139, 'LevelId': 2277}
[25-03-2025 13:01:19] INFO     {'ContentId': 2674646, 'LevelId': 2277}
[25-03-2025 13:01:20] INFO     {'ContentId': 2674960, 'LevelId': 2277}
[25-03-2025 13:01:20] INFO     {'ContentId': 2674975, 'LevelId': 2277}
[25-03-2025 13:01:20] INFO     {'ContentId': 2674976, 'LevelId': 2277}
[25-03-2025 13:01:21] INFO     {'ContentId': 2675301, 'LevelId': 2277}
[25-03-2025 13:01:21] INFO     {'ContentId': 2675389, 'LevelId': 2277}
[25-03-2025 13:01:21] INFO     {'ContentId': 2675390, 'LevelId': 2277}
[25-03-2025 13:01:22] INFO     {'ContentId': 2675407, 'LevelId': 2277}
[25-03-2025 13:01:22] INFO     {'ContentId': 2675417, 'LevelId': 2277}
[25-03-2025 13:01:22] INFO     {'ContentId': 2675430, 'LevelId': 2277}
[25-03-2025 13:01:23] INFO     {'ContentId': 2675496, 'LevelId': 2277}
[25-03-2025 13:01:23] INFO     {'ContentId': 2675617, 'LevelId': 2277}
[25-03-2025 13:01:23] INFO     {'ContentId': 2676403, 'LevelId': 2277}
[25-03-2025 13:01:24] INFO     {'ContentId': 2676661, 'LevelId': 2277}
[25-03-2025 13:01:24] INFO     {'ContentId': 2676662, 'LevelId': 2277}
[25-03-2025 13:01:24] INFO     {'ContentId': 2676667, 'LevelId': 2277}
[25-03-2025 13:01:25] INFO     {'ContentId': 2677147, 'LevelId': 2277}
[25-03-2025 13:01:25] INFO     {'ContentId': 2677847, 'LevelId': 2277}
[25-03-2025 13:01:25] INFO     {'ContentId': 2677850, 'LevelId': 2277}
[25-03-2025 13:01:25] INFO     {'ContentId': 2678365, 'LevelId': 2277}
[25-03-2025 13:01:26] INFO     {'ContentId': 2679337, 'LevelId': 2277}
[25-03-2025 13:01:26] INFO     {'ContentId': 2679338, 'LevelId': 2277}
[25-03-2025 13:01:26] INFO     {'ContentId': 2679340, 'LevelId': 2277}
[25-03-2025 13:01:27] INFO     {'ContentId': 2679342, 'LevelId': 2277}
[25-03-2025 13:01:27] INFO     {'ContentId': 2679467, 'LevelId': 2277}
[25-03-2025 13:01:27] INFO     {'ContentId': 2679484, 'LevelId': 2277}
[25-03-2025 13:01:28] INFO     {'ContentId': 2679485, 'LevelId': 2277}
[25-03-2025 13:01:28] INFO     {'ContentId': 2679700, 'LevelId': 2277}
[25-03-2025 13:01:28] INFO     {'ContentId': 2679701, 'LevelId': 2277}
[25-03-2025 13:01:29] INFO     {'ContentId': 2679704, 'LevelId': 2277}
[25-03-2025 13:01:29] INFO     {'ContentId': 2680138, 'LevelId': 2277}
[25-03-2025 13:01:29] INFO     {'ContentId': 2680300, 'LevelId': 2277}
[25-03-2025 13:01:30] INFO     {'ContentId': 2680313, 'LevelId': 2277}
[25-03-2025 13:01:30] INFO     {'ContentId': 2680314, 'LevelId': 2277}
[25-03-2025 13:01:30] INFO     {'ContentId': 2680375, 'LevelId': 2277}
[25-03-2025 13:01:31] INFO     {'ContentId': 2680393, 'LevelId': 2277}
[25-03-2025 13:01:31] INFO     {'ContentId': 2680941, 'LevelId': 2277}
[25-03-2025 13:01:31] INFO     {'ContentId': 2680945, 'LevelId': 2277}
[25-03-2025 13:01:31] INFO     {'ContentId': 2681353, 'LevelId': 2277}
[25-03-2025 13:01:32] INFO     {'ContentId': 2681354, 'LevelId': 2277}
[25-03-2025 13:01:32] INFO     {'ContentId': 2681431, 'LevelId': 2277}
[25-03-2025 13:01:32] INFO     {'ContentId': 2681444, 'LevelId': 2277}
[25-03-2025 13:01:33] INFO     {'ContentId': 2681469, 'LevelId': 2277}
[25-03-2025 13:01:33] INFO     {'ContentId': 2681470, 'LevelId': 2277}
[25-03-2025 13:01:33] INFO     {'ContentId': 2681475, 'LevelId': 2277}
[25-03-2025 13:01:34] INFO     {'ContentId': 2681478, 'LevelId': 2277}
[25-03-2025 13:01:34] INFO     {'ContentId': 2681479, 'LevelId': 2277}
[25-03-2025 13:01:34] INFO     {'ContentId': 2681480, 'LevelId': 2277}
[25-03-2025 13:01:35] INFO     {'ContentId': 2681485, 'LevelId': 2277}
[25-03-2025 13:01:35] INFO     {'ContentId': 2681487, 'LevelId': 2277}
[25-03-2025 13:01:35] INFO     {'ContentId': 2681500, 'LevelId': 2277}
[25-03-2025 13:01:36] INFO     {'ContentId': 2681513, 'LevelId': 2277}
[25-03-2025 13:01:36] INFO     2664570
[25-03-2025 13:01:37] INFO     2025-01-24T14:02:55.467
[25-03-2025 13:01:37] INFO     2667116
[25-03-2025 13:01:38] INFO     2025-01-24T14:03:06.043
[25-03-2025 13:01:38] INFO     2667375
[25-03-2025 13:01:40] INFO     2025-01-24T14:03:01.077
[25-03-2025 13:01:40] INFO     2667759
[25-03-2025 13:01:40] INFO     2025-01-24T13:04:35.037
[25-03-2025 13:01:40] INFO     2667915
[25-03-2025 13:01:41] INFO     2025-02-10T21:19:20.723
[25-03-2025 13:01:41] INFO     2669060
[25-03-2025 13:01:44] INFO     2025-01-24T14:02:42.527
[25-03-2025 13:01:44] INFO     2670613
[25-03-2025 13:01:45] INFO     2025-01-30T19:34:10.003
[25-03-2025 13:01:45] INFO     2670751
[25-03-2025 13:01:46] INFO     2025-02-20T15:53:28.037
[25-03-2025 13:01:46] INFO     2670838
[25-03-2025 13:01:47] INFO     2025-01-31T19:03:57.41
[25-03-2025 13:01:47] INFO     2671859
[25-03-2025 13:01:48] INFO     2025-02-07T15:17:04.357
[25-03-2025 13:01:48] INFO     2672632
[25-03-2025 13:01:49] INFO     2025-02-28T19:12:30.03
[25-03-2025 13:01:49] INFO     2672703
[25-03-2025 13:01:50] INFO     2025-02-12T20:34:03.443
[25-03-2025 13:01:50] INFO     2673760
[25-03-2025 13:01:51] INFO     2025-02-13T14:45:05.003
[25-03-2025 13:01:51] INFO     2673907
[25-03-2025 13:01:52] INFO     2025-02-13T22:00:10.213
[25-03-2025 13:01:52] INFO     2674512
[25-03-2025 13:01:54] INFO     2025-02-20T16:04:51.437
[25-03-2025 13:01:54] INFO     2674941
[25-03-2025 13:01:54] INFO     2025-02-18T20:36:31.16
[25-03-2025 13:01:54] INFO     2675185
[25-03-2025 13:01:56] INFO     2025-02-20T12:52:26.217
[25-03-2025 13:01:56] INFO     2675218
[25-03-2025 13:01:56] INFO     2025-02-20T20:45:48.36
[25-03-2025 13:01:56] INFO     2675491
[25-03-2025 13:01:58] INFO     2025-02-21T00:01:24.037
[25-03-2025 13:01:58] INFO     2675606
[25-03-2025 13:01:58] INFO     2025-03-21T13:40:43.203
[25-03-2025 13:01:58] INFO     2676385
[25-03-2025 13:01:59] INFO     2025-03-07T18:38:41.873
[25-03-2025 13:01:59] INFO     2676651
[25-03-2025 13:02:00] INFO     2025-02-26T22:00:16.467
[25-03-2025 13:02:00] INFO     2677785
[25-03-2025 13:02:01] INFO     2025-03-06T14:13:20.54
[25-03-2025 13:02:01] INFO     2679326
[25-03-2025 13:02:02] INFO     2025-03-21T18:27:34.367
[25-03-2025 13:02:02] INFO     2679329
[25-03-2025 13:02:03] INFO     2025-03-12T16:00:13.01
[25-03-2025 13:02:03] INFO     2679331
[25-03-2025 13:02:05] INFO     2025-03-12T16:00:13.12
[25-03-2025 13:02:05] INFO     2679475
[25-03-2025 13:02:08] INFO     2025-03-12T23:59:44.08
[25-03-2025 13:02:08] INFO     2679682
[25-03-2025 13:02:09] INFO     2025-03-13T20:22:43.003
[25-03-2025 13:02:09] INFO     2680190
[25-03-2025 13:02:11] INFO     2025-03-21T15:40:05.857
[25-03-2025 13:02:11] INFO     2680329
[25-03-2025 13:02:13] INFO     2025-03-17T18:01:29.083
[25-03-2025 13:02:13] INFO     2680924
[25-03-2025 13:02:14] INFO     2025-03-19T20:00:43.483
[25-03-2025 13:02:14] INFO     2681413
[25-03-2025 13:02:15] INFO     2025-03-25T15:15:07.283
[25-03-2025 13:02:15] INFO     2681416
[25-03-2025 13:02:16] INFO     2025-03-21T18:24:48.14
[25-03-2025 13:02:16] INFO     127.0.0.1 - - [25/Mar/2025 13:02:16] "POST /informe HTTP/1.1" 200 -
[25-03-2025 14:15:48] INFO      * Detected change in 'C:\\Users\\mbegani\\OneDrive - NOVARED CHILE S.A\\Documentos\\Dev\\Proyectos\\automatizacion-informes\\back\\app.py', reloading
